2c2
<     "Default Window Settings" = Basic;
---
>     "Default Window Settings" = Night;
4a5,11
>     "Man Page Window Settings" = "Man Page";
>     NSColorPanelMode = 1;
>     NSColorPickerSlidersDefaults = 1;
>     NSFontPanelAttributes = "1, 4";
>     NSNavLastRootDirectory = "~";
>     "NSWindow Frame NSColorPanel" = "-617 -8 253 339 -1024 -380 1024 1280 ";
>     "NSWindow Frame NSFontPanel" = "-540 67 445 270 -1024 -380 1024 1280 ";
6c13,25
<     "NSWindow Frame TTWindow Basic" = "159 598 585 366 0 0 1920 1178 ";
---
>     "NSWindow Frame TTWindow" = "0 75 1920 1103 0 0 1920 1178 ";
>     "NSWindow Frame TTWindow Basic" = "-1024 534 570 366 -1024 -380 1024 1280 ";
>     "NSWindow Frame TTWindow Grass" = "606 514 585 366 0 0 1920 1178 ";
>     "NSWindow Frame TTWindow Homebrew" = "-1024 534 570 366 -1024 -380 1024 1280 ";
>     "NSWindow Frame TTWindow Man Page" = "217 198 585 702 0 0 1920 1178 ";
>     "NSWindow Frame TTWindow Night" = "0 83 1920 1095 0 0 1920 1178 ";
>     "NSWindow Frame TTWindow Novel" = "-818 306 570 388 -1024 -380 1024 1280 ";
>     "NSWindow Frame TTWindow Ocean" = "-1024 -376 1020 1276 -1024 -380 1024 1280 ";
>     "NSWindow Frame TTWindow Pro" = "-1024 -376 1022 1276 -1024 -380 1024 1280 ";
>     "NSWindow Frame TTWindow Red Sands" = "-733 283 570 366 -1024 -380 1024 1280 ";
>     "NSWindow Frame TTWindow Silver Aerogel" = "-781 205 570 366 -1024 -380 1024 1280 ";
>     "NSWindow Frame TTWindow Solid Colors" = "-889 358 570 366 -1024 -380 1024 1280 ";
>     PMPrintingExpandedStateForPrint2 = 0;
10c29
<     "Startup Window Settings" = Basic;
---
>     "Startup Window Settings" = Night;
18a38
>             shellExitAction = 1;
26a47
>             Linewrap = 1;
57a79,175
>         Night =         {
>             ANSIBlueColor = <62706c69 73743030 d4010203 04050615 16582476 65727369 6f6e5824 6f626a65 63747359 24617263 68697665 72542474 6f701200 0186a0a3 07080f55 246e756c 6cd3090a 0b0c0d0e 554e5352 47425c4e 53436f6c 6f725370 61636556 24636c61 73734f10 11302030 2e343737 35343039 31323120 31001002 8002d210 1112135a 24636c61 73736e61 6d655824 636c6173 73657357 4e53436f 6c6f72a2 1214584e 534f626a 6563745f 100f4e53 4b657965 64417263 68697665 72d11718 54726f6f 74800108 111a232d 32373b41 484e5b62 76787a7f 8a939b9e a7b9bcc1 00000000 00000101 00000000 00000019 00000000 00000000 00000000 000000c3>;
>             ANSIBrightBlueColor = <62706c69 73743030 d4010203 04050615 16582476 65727369 6f6e5824 6f626a65 63747359 24617263 68697665 72542474 6f701200 0186a0a3 07080f55 246e756c 6cd3090a 0b0c0d0e 554e5352 47425c4e 53436f6c 6f725370 61636556 24636c61 73734f10 11302030 2e363730 30393735 38323320 31001002 8002d210 1112135a 24636c61 73736e61 6d655824 636c6173 73657357 4e53436f 6c6f72a2 1214584e 534f626a 6563745f 100f4e53 4b657965 64417263 68697665 72d11718 54726f6f 74800108 111a232d 32373b41 484e5b62 76787a7f 8a939b9e a7b9bcc1 00000000 00000101 00000000 00000019 00000000 00000000 00000000 000000c3>;
>             BackgroundColor = <62706c69 73743030 d4010203 04050615 16582476 65727369 6f6e5824 6f626a65 63747359 24617263 68697665 72542474 6f701200 0186a0a3 07080f55 246e756c 6cd3090a 0b0c0d0e 574e5357 68697465 5c4e5343 6f6c6f72 53706163 65562463 6c617373 4d302e31 30343538 30393635 39001003 8002d210 1112135a 24636c61 73736e61 6d655824 636c6173 73657357 4e53436f 6c6f72a2 1214584e 534f626a 6563745f 100f4e53 4b657965 64417263 68697665 72d11718 54726f6f 74800108 111a232d 32373b41 48505d64 7274767b 868f979a a3b5b8bd 00000000 00000101 00000000 00000019 00000000 00000000 00000000 000000bf>;
>             CursorBlink = 0;
>             CursorColor = <62706c69 73743030 d4010203 04050615 16582476 65727369 6f6e5824 6f626a65 63747359 24617263 68697665 72542474 6f701200 0186a0a3 07080f55 246e756c 6cd3090a 0b0c0d0e 554e5352 47425c4e 53436f6c 6f725370 61636556 24636c61 73734f10 1d302e36 38333334 30343839 39203020 302e3031 39393438 39373938 34001001 8002d210 1112135a 24636c61 73736e61 6d655824 636c6173 73657357 4e53436f 6c6f72a2 1214584e 534f626a 6563745f 100f4e53 4b657965 64417263 68697665 72d11718 54726f6f 74800108 111a232d 32373b41 484e5b62 8284868b 969fa7aa b3c5c8cd 00000000 00000101 00000000 00000019 00000000 00000000 00000000 000000cf>;
>             CursorType = 0;
>             DisableANSIColor = 0;
>             EscapeNonASCIICharacters = 0;
>             Font = <62706c69 73743030 d4010203 04050618 19582476 65727369 6f6e5824 6f626a65 63747359 24617263 68697665 72542474 6f701200 0186a0a4 07081112 55246e75 6c6cd409 0a0b0c0d 0e0f1056 4e535369 7a65584e 5366466c 61677356 4e534e61 6d655624 636c6173 73234028 00000000 00001010 80028003 5d4d656e 6c6f2d52 6567756c 6172d213 1415165a 24636c61 73736e61 6d655824 636c6173 73657356 4e53466f 6e74a215 17584e53 4f626a65 63745f10 0f4e534b 65796564 41726368 69766572 d11a1b54 726f6f74 80010811 1a232d32 373c424b 525b6269 72747678 868b969f a6a9b2c4 c7cc0000 00000000 01010000 00000000 001c0000 00000000 00000000 00000000 00ce>;
>             FontAntialias = 1;
>             FontHeightSpacing = 1;
>             FontWidthSpacing = 1;
>             Linewrap = 1;
>             ProfileCurrentVersion = "2.02";
>             SelectionColor = <62706c69 73743030 d4010203 04050615 16582476 65727369 6f6e5824 6f626a65 63747359 24617263 68697665 72542474 6f701200 0186a0a3 07080f55 246e756c 6cd3090a 0b0c0d0e 554e5352 47425c4e 53436f6c 6f725370 61636556 24636c61 73734f10 28302e30 35343232 31343133 33352030 2e343334 39303332 33313520 302e3434 30353835 30343937 00100280 02d21011 12135a24 636c6173 736e616d 65582463 6c617373 6573574e 53436f6c 6f72a212 14584e53 4f626a65 63745f10 0f4e534b 65796564 41726368 69766572 d1171854 726f6f74 80010811 1a232d32 373b4148 4e5b628d 8f9196a1 aab2b5be d0d3d800 00000000 00010100 00000000 00001900 00000000 00000000 00000000 0000da>;
>             ShowCommandKeyInTitle = 0;
>             ShowShellCommandInTitle = 0;
>             ShowTTYNameInTitle = 0;
>             ShowWindowSettingsNameInTitle = 0;
>             StrictVTKeypad = 0;
>             TextBoldColor = <62706c69 73743030 d4010203 04050615 16582476 65727369 6f6e5824 6f626a65 63747359 24617263 68697665 72542474 6f701200 0186a0a3 07080f55 246e756c 6cd3090a 0b0c0d0e 554e5352 47425c4e 53436f6c 6f725370 61636556 24636c61 73734631 20312031 00100180 02d21011 12135a24 636c6173 736e616d 65582463 6c617373 6573574e 53436f6c 6f72a212 14584e53 4f626a65 63745f10 0f4e534b 65796564 41726368 69766572 d1171854 726f6f74 80010811 1a232d32 373b4148 4e5b6269 6b6d727d 868e919a acafb400 00000000 00010100 00000000 00001900 00000000 00000000 00000000 0000b6>;
>             TextColor = <62706c69 73743030 d4010203 04050615 16582476 65727369 6f6e5824 6f626a65 63747359 24617263 68697665 72542474 6f701200 0186a0a3 07080f55 246e756c 6cd3090a 0b0c0d0e 574e5357 68697465 5c4e5343 6f6c6f72 53706163 65562463 6c617373 4d302e37 35323732 39393336 31001003 8002d210 1112135a 24636c61 73736e61 6d655824 636c6173 73657357 4e53436f 6c6f72a2 1214584e 534f626a 6563745f 100f4e53 4b657965 64417263 68697665 72d11718 54726f6f 74800108 111a232d 32373b41 48505d64 7274767b 868f979a a3b5b8bd 00000000 00000101 00000000 00000019 00000000 00000000 00000000 000000bf>;
>             UseBoldFonts = 1;
>             UseBrightBold = 0;
>             columnCount = 999;
>             keyMapBoundKeys =             {
>                 "$F700" = "\033[1;2A";
>                 "$F701" = "\033[1;2B";
>                 "$F702" = "\033[1;2D";
>                 "$F703" = "\033[1;2C";
>                 "$F708" = "\033[25~";
>                 "$F709" = "\033[26~";
>                 "$F70A" = "\033[28~";
>                 "$F70B" = "\033[29~";
>                 "$F70C" = "\033[31~";
>                 "$F70D" = "\033[22~";
>                 "$F70E" = "\033[33~";
>                 "$F70F" = "\033[34~";
>                 "$F711" = "\033[1;2o";
>                 "$F712" = "\033[1;2E";
>                 "$F716" = "\033[1;2j";
>                 "$F729" = "\033[1;2H";
>                 "$F72B" = "\033[1;2F";
>                 "$F72C" = "\033[5;2~";
>                 "$F72D" = "\033[6;2~";
>                 F704 = "\033OP";
>                 F705 = "\033OQ";
>                 F706 = "\033OR";
>                 F707 = "\033OS";
>                 F708 = "\033[15~";
>                 F709 = "\033[17~";
>                 F70A = "\033[18~";
>                 F70B = "\033[19~";
>                 F70C = "\033[20~";
>                 F70D = "\033[21~";
>                 F70E = "\033[23~";
>                 F70F = "\033[24~";
>                 F710 = "\033[25~";
>                 F711 = "\033Oo";
>                 F712 = "\033OE";
>                 F713 = "\033[2~";
>                 F714 = "\033Ok";
>                 F715 = "\033Om";
>                 F716 = "\033Oj";
>                 F717 = "\033[34~";
>                 F728 = "\033[3~";
>                 F729 = "\033OH";
>                 F72B = "\033OF";
>                 F72C = "\033[5~";
>                 F72D = "\033[6~";
>                 "^F702" = "\033[5D";
>                 "^F703" = "\033[5C";
>                 "~F702" = "\033b";
>                 "~F703" = "\033f";
>                 "~F704" = "\033[17~";
>                 "~F705" = "\033[18~";
>                 "~F706" = "\033[19~";
>                 "~F707" = "\033[20~";
>                 "~F708" = "\033[21~";
>                 "~F709" = "\033[23~";
>                 "~F70A" = "\033[24~";
>                 "~F70B" = "\033[25~";
>                 "~F70C" = "\033[26~";
>                 "~F70D" = "\033[28~";
>                 "~F70E" = "\033[29~";
>                 "~F70F" = "\033[31~";
>                 "~F710" = "\033[32~";
>                 "~F711" = "\033[33~";
>                 "~F712" = "\033[34~";
>             };
>             name = Night;
>             rowCount = 999;
>             shellExitAction = 1;
>             type = "Window Settings";
>             useOptionAsMetaKey = 1;
>         };
81a200
>             shellExitAction = 1;
